<?xml version="1.0" encoding="UTF-8"?>
<!-- Generated by org.testng.reporters.JUnitXMLReporter -->
<testsuite ignored="0" hostname="Lenovo" failures="0" tests="16" name="Test" time="415.36" errors="0" timestamp="2024-11-27T23:08:24 IST">
  <testcase classname="testCases.TC_RF_001" name="testSignUPLoginPageNavigation" time="6.539"/>
  <testcase classname="testCases.TC_RF_002" name="testSignUpWithValidInfo" time="85.116"/>
  <testcase classname="testCases.TC_RF_003" name="testSignUpWithEmptyNameField" time="11.969"/>
  <testcase classname="testCases.TC_RF_004" name="testSignUpWithEmptyEmailField" time="4.873"/>
  <testcase classname="testCases.TC_RF_005" name="testEmptyFieldSignUP" time="4.092"/>
  <testcase classname="testCases.TC_RF_006" name="testSignupInvalidEmailFormat" time="5.475"/>
  <testcase classname="testCases.TC_RF_007" name="testExistingUserSignUp" time="4.924"/>
  <testcase classname="testCases.TC_RF_008" name="testSignUpWithMandatoryFieldsOnly" time="21.102"/>
  <testcase classname="testCases.TC_RF_009" name="testSignUpWithoutPassword" time="11.261"/>
  <testcase classname="testCases.TC_RF_010" name="testSignUpWithoutAddressFirstName" time="9.148"/>
  <testcase classname="testCases.TC_RF_011" name="testSignUpWithoutAddressLastName" time="8.731"/>
  <testcase classname="testCases.TC_RF_012" name="testSignUpWithoutAddressFirstLine" time="9.595"/>
  <testcase classname="testCases.TC_RF_013" name="testSignUpWithoutState" time="8.047"/>
  <testcase classname="testCases.TC_RF_015" name="testSignUpWithoutAddressZipCode" time="9.572"/>
  <testcase classname="testCases.TC_RF_016" name="testSignUpWithoutPhone" time="26.124">
    <skipped/>
  </testcase> <!-- testSignUpWithoutPhone -->
  <testcase classname="testCases.TC_RF_016" name="testSignUpWithoutPhone" time="8.224"/>
</testsuite> <!-- Test -->
