<?xml version="1.0" encoding="UTF-8"?>
<testng-results ignored="0" total="1" passed="1" failed="0" skipped="0">
  <reporter-output>
  </reporter-output>
  <suite started-at="2024-11-29T14:55:20 IST" name="Default suite" finished-at="2024-11-29T14:55:37 IST" duration-ms="17045">
    <groups>
    </groups>
    <test started-at="2024-11-29T14:55:20 IST" name="Default test" finished-at="2024-11-29T14:55:37 IST" duration-ms="17045">
      <class name="testCases.TC_Search_006">
        <test-method is-config="true" signature="setUp()[pri:0, instance:testCases.TC_Search_006@5fe1ce85]" started-at="2024-11-29T14:55:20 IST" name="setUp" finished-at="2024-11-29T14:55:28 IST" duration-ms="7906" status="PASS">
          <reporter-output>
          </reporter-output>
        </test-method> <!-- setUp -->
        <test-method signature="testSearchProductviaSearchBtn()[pri:0, instance:testCases.TC_Search_006@5fe1ce85]" started-at="2024-11-29T14:55:28 IST" name="testSearchProductviaSearchBtn" finished-at="2024-11-29T14:55:37 IST" duration-ms="8886" status="PASS">
          <reporter-output>
          </reporter-output>
        </test-method> <!-- testSearchProductviaSearchBtn -->
        <test-method is-config="true" signature="tearDown()[pri:0, instance:testCases.TC_Search_006@5fe1ce85]" started-at="2024-11-29T14:55:37 IST" name="tearDown" finished-at="2024-11-29T14:55:37 IST" duration-ms="220" status="PASS">
          <reporter-output>
          </reporter-output>
        </test-method> <!-- tearDown -->
      </class> <!-- testCases.TC_Search_006 -->
    </test> <!-- Default test -->
  </suite> <!-- Default suite -->
</testng-results>
